app/build/intermediates/manifest_merge_blame_file/release/manifest-merger-blame-release-report.txt
1<?xml version="1.0" encoding="utf-8"?>
2<manifest xmlns:android="http://schemas.android.com/apk/res/android"
3    package="com.e.shelter"
4    android:versionCode="1"
5    android:versionName="1.0" >
6
7    <uses-sdk
8        android:minSdkVersion="28"
8-->src\main\AndroidManifest.xml
9        android:targetSdkVersion="29" />
9-->src\main\AndroidManifest.xml
10
11    <uses-permission android:name="android.permission.SEND_SMS" />
11-->src\main\AndroidManifest.xml:5:5-67
11-->src\main\AndroidManifest.xml:5:22-64
12    <uses-permission android:name="android.permission.ACCESS_FINE_LOCATION" />
12-->src\main\AndroidManifest.xml:6:5-79
12-->src\main\AndroidManifest.xml:6:22-76
13    <uses-permission android:name="android.permission.ACCESS_COARSE_LOCATION" />
13-->src\main\AndroidManifest.xml:7:5-81
13-->src\main\AndroidManifest.xml:7:22-78
14    <uses-permission android:name="android.permission.INTERNET" />
14-->src\main\AndroidManifest.xml:8:5-67
14-->src\main\AndroidManifest.xml:8:22-64
15
16    <uses-feature android:name="android.hardware.location.gps" />
16-->src\main\AndroidManifest.xml:10:5-66
16-->src\main\AndroidManifest.xml:10:19-63
17
18    <!-- Include required permissions for Google Maps API to run. -->
19    <uses-permission android:name="android.permission.ACCESS_NETWORK_STATE" />
19-->[com.google.android.gms:play-services-maps:17.0.0] AndroidManifest.xml:23:5-79
19-->[com.google.android.gms:play-services-maps:17.0.0] AndroidManifest.xml:23:22-76
20
21    <uses-feature
21-->[com.google.android.gms:play-services-maps:17.0.0] AndroidManifest.xml:26:5-28:35
22        android:glEsVersion="0x00020000"
22-->[com.google.android.gms:play-services-maps:17.0.0] AndroidManifest.xml:27:9-41
23        android:required="true" />
23-->[com.google.android.gms:play-services-maps:17.0.0] AndroidManifest.xml:28:9-32
24
25    <application
25-->src\main\AndroidManifest.xml:12:5-33:19
26        android:allowBackup="true"
26-->src\main\AndroidManifest.xml:13:9-35
27        android:appComponentFactory="androidx.core.app.CoreComponentFactory"
27-->[androidx.core:core:1.1.0] AndroidManifest.xml:24:18-86
28        android:extractNativeLibs="false"
29        android:icon="@mipmap/ic_launcher"
29-->src\main\AndroidManifest.xml:14:9-43
30        android:label="@string/app_name"
30-->src\main\AndroidManifest.xml:15:9-41
31        android:roundIcon="@mipmap/ic_launcher_round"
31-->src\main\AndroidManifest.xml:16:9-54
32        android:supportsRtl="true"
32-->src\main\AndroidManifest.xml:17:9-35
33        android:theme="@style/AppTheme" >
33-->src\main\AndroidManifest.xml:18:9-40
34        <activity android:name="com.e.shelter.MapViewActivity" >
34-->src\main\AndroidManifest.xml:19:9-24:20
34-->src\main\AndroidManifest.xml:19:19-50
35            <intent-filter>
35-->src\main\AndroidManifest.xml:20:13-23:29
36                <action android:name="android.intent.action.MAIN" />
36-->src\main\AndroidManifest.xml:21:17-69
36-->src\main\AndroidManifest.xml:21:25-66
37
38                <category android:name="android.intent.category.LAUNCHER" />
38-->src\main\AndroidManifest.xml:22:17-77
38-->src\main\AndroidManifest.xml:22:27-74
39            </intent-filter>
40        </activity>
41
42        <uses-library
42-->src\main\AndroidManifest.xml:26:9-28:40
43            android:name="org.apache.http.legacy"
43-->src\main\AndroidManifest.xml:27:13-50
44            android:required="false" />
44-->src\main\AndroidManifest.xml:28:13-37
45
46        <meta-data
46-->src\main\AndroidManifest.xml:30:9-32:47
47            android:name="com.google.android.geo.API_KEY"
47-->src\main\AndroidManifest.xml:31:13-58
48            android:value="@string/map_key" />
48-->src\main\AndroidManifest.xml:32:13-44
49        <meta-data
49-->[com.google.maps.android:android-maps-utils:1.0.2] AndroidManifest.xml:12:9-14:69
50            android:name="com.google.android.gms.version"
50-->[com.google.maps.android:android-maps-utils:1.0.2] AndroidManifest.xml:13:13-58
51            android:value="@integer/google_play_services_version" />
51-->[com.google.maps.android:android-maps-utils:1.0.2] AndroidManifest.xml:14:13-66
52
53        <activity
53-->[com.google.android.gms:play-services-base:17.0.0] AndroidManifest.xml:23:9-26:75
54            android:name="com.google.android.gms.common.api.GoogleApiActivity"
54-->[com.google.android.gms:play-services-base:17.0.0] AndroidManifest.xml:24:13-79
55            android:exported="false"
55-->[com.google.android.gms:play-services-base:17.0.0] AndroidManifest.xml:25:13-37
56            android:theme="@android:style/Theme.Translucent.NoTitleBar" />
56-->[com.google.android.gms:play-services-base:17.0.0] AndroidManifest.xml:26:13-72
57
58        <provider
58-->[androidx.lifecycle:lifecycle-process:2.2.0] AndroidManifest.xml:25:9-29:43
59            android:name="androidx.lifecycle.ProcessLifecycleOwnerInitializer"
59-->[androidx.lifecycle:lifecycle-process:2.2.0] AndroidManifest.xml:26:13-79
60            android:authorities="com.e.shelter.lifecycle-process"
60-->[androidx.lifecycle:lifecycle-process:2.2.0] AndroidManifest.xml:27:13-69
61            android:exported="false"
61-->[androidx.lifecycle:lifecycle-process:2.2.0] AndroidManifest.xml:28:13-37
62            android:multiprocess="true" />
62-->[androidx.lifecycle:lifecycle-process:2.2.0] AndroidManifest.xml:29:13-40
63    </application>
64
65</manifest>